<?xml version="1.0" encoding="UTF-8"?>
<!-- Generated by org.testng.reporters.JUnitReportReporter -->
<testsuite skipped="0" hostname="AFG34388" name="APITests" tests="4" failures="0" timestamp="2022-01-23T00:48:54 GST" time="5.647" errors="0">
  <testcase name="test3" time="0.297" classname="APITests"/>
  <system-out/>
  <testcase name="test4" time="0.302" classname="APITests"/>
  <system-out/>
  <testcase name="test2" time="1.283" classname="APITests"/>
  <system-out/>
  <testcase name="test1" time="3.765" classname="APITests"/>
  <system-out/>
</testsuite> <!-- APITests -->
